<?xml version="1.0" encoding="UTF-8"?>
<!-- Generated by org.testng.reporters.JUnitXMLReporter -->
<testsuite ignored="0" hostname="Serhiis-MBP-2.lan" failures="0" tests="2" name="Regression" time="10.559" errors="0" timestamp="2023-07-10T19:45:54 EDT">
  <testcase classname="testcases.MyForkSignInTest" name="fillEmailAndPasswordFieldAndValidateError" time="6.382"/>
  <testcase classname="testcases.TabAndScrollActionsTest" name="switchTabAndScrollDown" time="7.346"/>
</testsuite> <!-- Regression -->
