<?xml version="1.0" encoding="UTF-8"?>
<testng-results ignored="0" total="3" passed="3" failed="0" skipped="0">
  <reporter-output>
  </reporter-output>
  <suite started-at="2023-07-10T19:45:43 EDT" name="Suite1" finished-at="2023-07-10T19:46:00 EDT" duration-ms="16913">
    <groups>
    </groups>
    <test started-at="2023-07-10T19:45:43 EDT" name="Regression" finished-at="2023-07-10T19:45:54 EDT" duration-ms="10559">
      <class name="testcases.MyForkSignInTest">
        <test-method is-config="true" signature="startDriver()[pri:0, instance:testcases.MyForkSignInTest@79ad8b2f]" started-at="2023-07-10T19:45:43 EDT" name="startDriver" finished-at="2023-07-10T19:45:46 EDT" duration-ms="2981" status="PASS">
          <reporter-output>
          </reporter-output>
        </test-method> <!-- startDriver -->
        <test-method signature="fillEmailAndPasswordFieldAndValidateError()[pri:0, instance:testcases.MyForkSignInTest@79ad8b2f]" started-at="2023-07-10T19:45:46 EDT" name="fillEmailAndPasswordFieldAndValidateError" finished-at="2023-07-10T19:45:53 EDT" duration-ms="6382" status="PASS">
          <reporter-output>
          </reporter-output>
        </test-method> <!-- fillEmailAndPasswordFieldAndValidateError -->
        <test-method is-config="true" signature="closeBrowser()[pri:0, instance:testcases.MyForkSignInTest@79ad8b2f]" started-at="2023-07-10T19:45:53 EDT" name="closeBrowser" finished-at="2023-07-10T19:45:53 EDT" duration-ms="630" status="PASS">
          <reporter-output>
          </reporter-output>
        </test-method> <!-- closeBrowser -->
      </class> <!-- testcases.MyForkSignInTest -->
      <class name="testcases.TabAndScrollActionsTest">
        <test-method is-config="true" signature="startDriver()[pri:0, instance:testcases.TabAndScrollActionsTest@b62fe6d]" started-at="2023-07-10T19:45:43 EDT" name="startDriver" finished-at="2023-07-10T19:45:46 EDT" duration-ms="2981" status="PASS">
          <reporter-output>
          </reporter-output>
        </test-method> <!-- startDriver -->
        <test-method signature="switchTabAndScrollDown()[pri:0, instance:testcases.TabAndScrollActionsTest@b62fe6d]" started-at="2023-07-10T19:45:46 EDT" name="switchTabAndScrollDown" finished-at="2023-07-10T19:45:54 EDT" duration-ms="7346" status="PASS">
          <reporter-output>
          </reporter-output>
        </test-method> <!-- switchTabAndScrollDown -->
        <test-method is-config="true" signature="closeBrowser()[pri:0, instance:testcases.TabAndScrollActionsTest@b62fe6d]" started-at="2023-07-10T19:45:54 EDT" name="closeBrowser" finished-at="2023-07-10T19:45:54 EDT" duration-ms="208" status="PASS">
          <reporter-output>
          </reporter-output>
        </test-method> <!-- closeBrowser -->
      </class> <!-- testcases.TabAndScrollActionsTest -->
    </test> <!-- Regression -->
    <test started-at="2023-07-10T19:45:54 EDT" name="Smoke" finished-at="2023-07-10T19:46:00 EDT" duration-ms="6066">
      <class name="testcases.MyForkSignInTest">
        <test-method is-config="true" signature="startDriver()[pri:0, instance:testcases.MyForkSignInTest@65d6b83b]" started-at="2023-07-10T19:45:54 EDT" name="startDriver" finished-at="2023-07-10T19:45:56 EDT" duration-ms="1964" status="PASS">
          <reporter-output>
          </reporter-output>
        </test-method> <!-- startDriver -->
        <test-method signature="fillEmailAndPasswordFieldAndValidateError()[pri:0, instance:testcases.MyForkSignInTest@65d6b83b]" started-at="2023-07-10T19:45:56 EDT" name="fillEmailAndPasswordFieldAndValidateError" finished-at="2023-07-10T19:46:00 EDT" duration-ms="3882" status="PASS">
          <reporter-output>
          </reporter-output>
        </test-method> <!-- fillEmailAndPasswordFieldAndValidateError -->
        <test-method is-config="true" signature="closeBrowser()[pri:0, instance:testcases.MyForkSignInTest@65d6b83b]" started-at="2023-07-10T19:46:00 EDT" name="closeBrowser" finished-at="2023-07-10T19:46:00 EDT" duration-ms="219" status="PASS">
          <reporter-output>
          </reporter-output>
        </test-method> <!-- closeBrowser -->
      </class> <!-- testcases.MyForkSignInTest -->
    </test> <!-- Smoke -->
  </suite> <!-- Suite1 -->
</testng-results>
